<?xml version="1.0" encoding="UTF-8"?>
<!-- Generated by org.testng.reporters.JUnitReportReporter -->
<testsuite hostname="Amits-MacBook-Air.local" failures="0" tests="1" name="com.test.AcceptanceIT" time="29.567" errors="0" timestamp="18 Sep 2021 21:26:03 GMT" skipped="0">
  <testcase classname="com.test.AcceptanceIT" name="parallelRun" time="29.567"/>
</testsuite> <!-- com.test.AcceptanceIT -->
