<?xml version="1.0" encoding="UTF-8"?>
<!-- Generated by org.testng.reporters.JUnitReportReporter -->
<testsuite hostname="Amits-MacBook-Air.local" failures="0" tests="1" name="com.test.AcceptanceIT" time="102.620" errors="0" timestamp="16 Apr 2022 15:32:58 GMT" skipped="0">
  <testcase classname="com.test.AcceptanceIT" name="parallelRun" time="102.620"/>
</testsuite> <!-- com.test.AcceptanceIT -->
