<?xml version="1.0" encoding="UTF-8"?>
<!-- Generated by org.testng.reporters.JUnitReportReporter -->
<testsuite hostname="Amits-MacBook-Air.local" failures="0" tests="1" name="com.test.AcceptanceIT" time="201.083" errors="0" timestamp="28 Feb 2022 20:25:36 GMT" skipped="0">
  <testcase classname="com.test.AcceptanceIT" name="parallelRun" time="201.083"/>
</testsuite> <!-- com.test.AcceptanceIT -->
