<?xml version="1.0" encoding="UTF-8"?>
<!-- Generated by org.testng.reporters.JUnitReportReporter -->
<testsuite hostname="Amits-MacBook-Air.local" failures="0" tests="1" name="com.test.AcceptanceIT" time="110.841" errors="0" timestamp="18 Jul 2021 16:23:29 GMT" skipped="0">
  <testcase classname="com.test.AcceptanceIT" name="parallelRun" time="110.841"/>
</testsuite> <!-- com.test.AcceptanceIT -->
