<?xml version="1.0" encoding="UTF-8"?>
<!-- Generated by org.testng.reporters.JUnitReportReporter -->
<testsuite hostname="Amits-MacBook-Air.local" failures="0" tests="1" name="com.test.AcceptanceIT" time="37.930" errors="0" timestamp="07 Jul 2021 19:02:39 GMT" skipped="0">
  <testcase classname="com.test.AcceptanceIT" name="parallelRun" time="37.930"/>
</testsuite> <!-- com.test.AcceptanceIT -->
